<?xml version="1.0" encoding="UTF-8"?>
<!-- Generated by org.testng.reporters.JUnitXMLReporter -->
<testsuite ignored="0" hostname="LAPTOP-RBLFDP3S" failures="1" tests="1" name="Default test" time="0.871" errors="0" timestamp="2023-08-09T13:55:18 PDT">
  <testcase classname="io.cucumber.testng.AbstractTestNGCucumberTests" name="runScenario" time="0.166">
    <failure type="java.lang.NullPointerException" message="Cannot invoke &amp;quot;org.openqa.selenium.WebDriver.getTitle()&amp;quot; because &amp;quot;StepDefinition.FrontPage_SD.driver&amp;quot; is null">
      <![CDATA[java.lang.NullPointerException: Cannot invoke "org.openqa.selenium.WebDriver.getTitle()" because "StepDefinition.FrontPage_SD.driver" is null
at StepDefinition.FrontPage_SD.the_user_opens_ds_algo_portal_link(FrontPage_SD.java:37)
at ✽.The user opens DS Algo portal link(file:///C:/Users/cnudr/eclipse-workspace/Ds_algoPOMFramework/src/test/resources/features/FrontPage.feature:5)
]]>
    </failure>
  </testcase> <!-- runScenario -->
</testsuite> <!-- Default test -->
