<?xml version="1.0" encoding="UTF-8"?>
<!-- Generated by org.testng.reporters.JUnitReportReporter -->
<testsuite hostname="LAPTOP-RBLFDP3S" failures="0" tests="1" name="Runner.TestRunner" time="0.166" errors="1" timestamp="2023-08-09T13:55:18 PDT" skipped="0">
  <testcase classname="Runner.TestRunner" name="runScenario" time="0.166">
    <error message="Cannot invoke &quot;org.openqa.selenium.WebDriver.getTitle()&quot; because &quot;StepDefinition.FrontPage_SD.driver&quot; is null" type="java.lang.NullPointerException">
      <![CDATA[java.lang.NullPointerException: Cannot invoke "org.openqa.selenium.WebDriver.getTitle()" because "StepDefinition.FrontPage_SD.driver" is null
at StepDefinition.FrontPage_SD.the_user_opens_ds_algo_portal_link(FrontPage_SD.java:37)
at ✽.The user opens DS Algo portal link(file:///C:/Users/cnudr/eclipse-workspace/Ds_algoPOMFramework/src/test/resources/features/FrontPage.feature:5)
]]>
    </error>
  </testcase> <!-- runScenario -->
  <system-out/>
</testsuite> <!-- Runner.TestRunner -->
